a:21:{i:0;a:5:{s:3:"msg";s:758:"[Ошибка в базе данных] - запрос: CREATE TABLE `JMY_sm_mail` (
  `id` int(5) NOT NULL auto_increment,
  `topic` varchar(255) default NULL,
  `text` text,
  `date` int(11) NOT NULL,
  `uid` int(1) default '0',
  PRIMARY KEY  (`id`)
) ENGINE=MyISAM DEFAULT CHARSET=utf8 PACK_KEYS=0 AUTO_INCREMENT=1 ;
 
CREATE TABLE `JMY_sm_users` (
  `user_id` int(11) unsigned NOT NULL auto_increment,
  `user_email` varchar(100) NOT NULL,
  `user_name` varchar(50) default NULL,
  `user_sol` char(3) NOT NULL,
  `user_reg_date` int(11) NOT NULL,
  `user_ip` varchar(15) default '0',
  `active` int(1) NOT NULL default '1',
  PRIMARY KEY  (`user_id`)
) ENGINE=MyISAM AUTO_INCREMENT=3 DEFAULT CHARSET=utf8 PACK_KEYS=0 AUTO_INCREMENT=3 ;";s:2:"ip";s:9:"127.0.0.1";s:3:"url";s:36:"administration/modules/ajax/install/";s:5:"agent";s:110:"Mozilla/5.0 (Windows NT 10.0; WOW64) AppleWebKit/537.36 (KHTML, like Gecko) Chrome/53.0.2785.143 Safari/537.36";s:4:"time";i:1476608672;}i:1;a:5:{s:3:"msg";s:681:"[Ошибка в базе данных] - запрос: CREATE TABLE IF NOT EXISTS `JMYhelp` (
  `id` int(11) NOT NULL AUTO_INCREMENT,
  `title` varchar(255) NOT NULL,
  `question` text NOT NULL,
  `uid` int(11) NOT NULL,
  `time` varchar(255) NOT NULL,
  `replies` int(11) NOT NULL,
  `lock` int(1) NOT NULL,
  PRIMARY KEY (`id`)
) ENGINE=MyISAM  DEFAULT CHARSET=utf8 AUTO_INCREMENT=1 ;
 
CREATE TABLE IF NOT EXISTS `JMYhelp_replies` (
  `rid` int(11) NOT NULL AUTO_INCREMENT,
  `to` int(11) NOT NULL,
  `text` text NOT NULL,
  `time` varchar(255) NOT NULL,
  `uid` int(11) NOT NULL,
  PRIMARY KEY (`rid`)
) ENGINE=MyISAM  DEFAULT CHARSET=utf8 AUTO_INCREMENT=1 ;";s:2:"ip";s:9:"127.0.0.1";s:3:"url";s:36:"administration/modules/ajax/install/";s:5:"agent";s:110:"Mozilla/5.0 (Windows NT 10.0; WOW64) AppleWebKit/537.36 (KHTML, like Gecko) Chrome/53.0.2785.143 Safari/537.36";s:4:"time";i:1476608981;}i:2;a:5:{s:3:"msg";s:729:"[Ошибка в базе данных] - запрос: DROP TABLE IF EXISTS `JMY_help`;
CREATE TABLE `JMY_help` (
  `id` int(11) NOT NULL AUTO_INCREMENT,
  `title` varchar(255) NOT NULL,
  `question` text NOT NULL,
  `uid` int(11) NOT NULL,
  `time` varchar(255) NOT NULL,
  `replies` int(11) NOT NULL,
  `lock` int(1) NOT NULL,
  PRIMARY KEY (`id`)
) ENGINE=MyISAM  DEFAULT CHARSET=utf8 AUTO_INCREMENT=1;
 
DROP TABLE IF EXISTS `JMY_help_replies`;
CREATE TABLE `JMY_help_replies` (
  `rid` int(11) NOT NULL AUTO_INCREMENT,
  `to` int(11) NOT NULL,
  `text` text NOT NULL,
  `time` varchar(255) NOT NULL,
  `uid` int(11) NOT NULL,
  PRIMARY KEY (`rid`)
) ENGINE=MyISAM  DEFAULT CHARSET=utf8 AUTO_INCREMENT=1;";s:2:"ip";s:9:"127.0.0.1";s:3:"url";s:36:"administration/modules/ajax/install/";s:5:"agent";s:110:"Mozilla/5.0 (Windows NT 10.0; WOW64) AppleWebKit/537.36 (KHTML, like Gecko) Chrome/53.0.2785.143 Safari/537.36";s:4:"time";i:1476609278;}i:3;a:5:{s:3:"msg";s:727:"[Ошибка в базе данных] - запрос: DROP TABLE IF EXISTS `JMY_help`;
CREATE TABLE `JMY_help` (
  `id` int(11) NOT NULL auto_increment,
  `title` varchar(255) NOT NULL,
  `question` text NOT NULL,
  `uid` int(11) NOT NULL,
  `time` varchar(255) NOT NULL,
  `replies` int(11) NOT NULL,
  `lock` int(1) NOT NULL,
  PRIMARY KEY (`id`)
) ENGINE=MyISAM AUTO_INCREMENT=1 DEFAULT CHARSET=utf8;
 
DROP TABLE IF EXISTS `JMY_help_replies`;
CREATE TABLE `JMY_help_replies` (
  `rid` int(11) NOT NULL auto_increment,
  `to` int(11) NOT NULL,
  `text` text NOT NULL,
  `time` varchar(255) NOT NULL,
  `uid` int(11) NOT NULL,
  PRIMARY KEY (`rid`)
) ENGINE=MyISAM AUTO_INCREMENT=1 DEFAULT CHARSET=utf8;";s:2:"ip";s:9:"127.0.0.1";s:3:"url";s:36:"administration/modules/ajax/install/";s:5:"agent";s:110:"Mozilla/5.0 (Windows NT 10.0; WOW64) AppleWebKit/537.36 (KHTML, like Gecko) Chrome/53.0.2785.143 Safari/537.36";s:4:"time";i:1476609967;}i:4;a:5:{s:3:"msg";s:727:"[Ошибка в базе данных] - запрос: DROP TABLE IF EXISTS `JMY_help`;
CREATE TABLE `JMY_help` (
  `id` int(11) NOT NULL auto_increment,
  `title` varchar(255) NOT NULL,
  `question` text NOT NULL,
  `uid` int(11) NOT NULL,
  `time` varchar(255) NOT NULL,
  `replies` int(11) NOT NULL,
  `lock` int(1) NOT NULL,
  PRIMARY KEY (`id`)
) ENGINE=MyISAM AUTO_INCREMENT=1 DEFAULT CHARSET=utf8;
 
DROP TABLE IF EXISTS `JMY_help_replies`;
CREATE TABLE `JMY_help_replies` (
  `rid` int(11) NOT NULL auto_increment,
  `to` int(11) NOT NULL,
  `text` text NOT NULL,
  `time` varchar(255) NOT NULL,
  `uid` int(11) NOT NULL,
  PRIMARY KEY (`rid`)
) ENGINE=MyISAM AUTO_INCREMENT=1 DEFAULT CHARSET=utf8;";s:2:"ip";s:9:"127.0.0.1";s:3:"url";s:36:"administration/modules/ajax/install/";s:5:"agent";s:110:"Mozilla/5.0 (Windows NT 10.0; WOW64) AppleWebKit/537.36 (KHTML, like Gecko) Chrome/53.0.2785.143 Safari/537.36";s:4:"time";i:1476610130;}i:5;a:5:{s:3:"msg";s:727:"[Ошибка в базе данных] - запрос: DROP TABLE IF EXISTS `JMY_help`;
CREATE TABLE `JMY_help` (
  `id` int(11) NOT NULL auto_increment,
  `title` varchar(255) NOT NULL,
  `question` text NOT NULL,
  `uid` int(11) NOT NULL,
  `time` varchar(255) NOT NULL,
  `replies` int(11) NOT NULL,
  `lock` int(1) NOT NULL,
  PRIMARY KEY (`id`)
) ENGINE=MyISAM AUTO_INCREMENT=1 DEFAULT CHARSET=utf8;
 
DROP TABLE IF EXISTS `JMY_help_replies`;
CREATE TABLE `JMY_help_replies` (
  `rid` int(11) NOT NULL auto_increment,
  `to` int(11) NOT NULL,
  `text` text NOT NULL,
  `time` varchar(255) NOT NULL,
  `uid` int(11) NOT NULL,
  PRIMARY KEY (`rid`)
) ENGINE=MyISAM AUTO_INCREMENT=1 DEFAULT CHARSET=utf8;";s:2:"ip";s:9:"127.0.0.1";s:3:"url";s:36:"administration/modules/ajax/install/";s:5:"agent";s:110:"Mozilla/5.0 (Windows NT 10.0; WOW64) AppleWebKit/537.36 (KHTML, like Gecko) Chrome/53.0.2785.143 Safari/537.36";s:4:"time";i:1476610178;}i:6;a:5:{s:3:"msg";s:727:"[Ошибка в базе данных] - запрос: DROP TABLE IF EXISTS `JMY_help`;
CREATE TABLE `JMY_help` (
  `id` int(11) NOT NULL auto_increment,
  `title` varchar(255) NOT NULL,
  `question` text NOT NULL,
  `uid` int(11) NOT NULL,
  `time` varchar(255) NOT NULL,
  `replies` int(11) NOT NULL,
  `lock` int(1) NOT NULL,
  PRIMARY KEY (`id`)
) ENGINE=MyISAM AUTO_INCREMENT=1 DEFAULT CHARSET=utf8;
 
DROP TABLE IF EXISTS `JMY_help_replies`;
CREATE TABLE `JMY_help_replies` (
  `rid` int(11) NOT NULL auto_increment,
  `to` int(11) NOT NULL,
  `text` text NOT NULL,
  `time` varchar(255) NOT NULL,
  `uid` int(11) NOT NULL,
  PRIMARY KEY (`rid`)
) ENGINE=MyISAM AUTO_INCREMENT=1 DEFAULT CHARSET=utf8;";s:2:"ip";s:9:"127.0.0.1";s:3:"url";s:36:"administration/modules/ajax/install/";s:5:"agent";s:110:"Mozilla/5.0 (Windows NT 10.0; WOW64) AppleWebKit/537.36 (KHTML, like Gecko) Chrome/53.0.2785.143 Safari/537.36";s:4:"time";i:1476610416;}i:7;a:5:{s:3:"msg";s:651:"[Ошибка в базе данных] - запрос: CREATE TABLE `JMY_help` (
  `id` int(11) NOT NULL auto_increment,
  `title` varchar(255) NOT NULL,
  `question` text NOT NULL,
  `uid` int(11) NOT NULL,
  `time` varchar(255) NOT NULL,
  `replies` int(11) NOT NULL,
  `lock` int(1) NOT NULL,
  PRIMARY KEY (`id`)
) ENGINE=MyISAM AUTO_INCREMENT=1 DEFAULT CHARSET=utf8;
 
CREATE TABLE `JMY_help_replies` (
  `rid` int(11) NOT NULL auto_increment,
  `to` int(11) NOT NULL,
  `text` text NOT NULL,
  `time` varchar(255) NOT NULL,
  `uid` int(11) NOT NULL,
  PRIMARY KEY (`rid`)
) ENGINE=MyISAM AUTO_INCREMENT=1 DEFAULT CHARSET=utf8;";s:2:"ip";s:9:"127.0.0.1";s:3:"url";s:36:"administration/modules/ajax/install/";s:5:"agent";s:110:"Mozilla/5.0 (Windows NT 10.0; WOW64) AppleWebKit/537.36 (KHTML, like Gecko) Chrome/53.0.2785.143 Safari/537.36";s:4:"time";i:1476610603;}i:8;a:5:{s:3:"msg";s:651:"[Ошибка в базе данных] - запрос: CREATE TABLE `JMY_help` (
  `id` int(11) NOT NULL auto_increment,
  `title` varchar(255) NOT NULL,
  `question` text NOT NULL,
  `uid` int(11) NOT NULL,
  `time` varchar(255) NOT NULL,
  `replies` int(11) NOT NULL,
  `lock` int(1) NOT NULL,
  PRIMARY KEY (`id`)
) ENGINE=MyISAM AUTO_INCREMENT=1 DEFAULT CHARSET=utf8;
 
CREATE TABLE `JMY_help_replies` (
  `rid` int(11) NOT NULL auto_increment,
  `to` int(11) NOT NULL,
  `text` text NOT NULL,
  `time` varchar(255) NOT NULL,
  `uid` int(11) NOT NULL,
  PRIMARY KEY (`rid`)
) ENGINE=MyISAM AUTO_INCREMENT=1 DEFAULT CHARSET=utf8;";s:2:"ip";s:9:"127.0.0.1";s:3:"url";s:36:"administration/modules/ajax/install/";s:5:"agent";s:110:"Mozilla/5.0 (Windows NT 10.0; WOW64) AppleWebKit/537.36 (KHTML, like Gecko) Chrome/53.0.2785.143 Safari/537.36";s:4:"time";i:1476611328;}i:9;a:5:{s:3:"msg";s:651:"[Ошибка в базе данных] - запрос: CREATE TABLE `JMY_help` (
  `id` int(11) NOT NULL auto_increment,
  `title` varchar(255) NOT NULL,
  `question` text NOT NULL,
  `uid` int(11) NOT NULL,
  `time` varchar(255) NOT NULL,
  `replies` int(11) NOT NULL,
  `lock` int(1) NOT NULL,
  PRIMARY KEY (`id`)
) ENGINE=MyISAM AUTO_INCREMENT=1 DEFAULT CHARSET=utf8;
 
CREATE TABLE `JMY_help_replies` (
  `rid` int(11) NOT NULL auto_increment,
  `to` int(11) NOT NULL,
  `text` text NOT NULL,
  `time` varchar(255) NOT NULL,
  `uid` int(11) NOT NULL,
  PRIMARY KEY (`rid`)
) ENGINE=MyISAM AUTO_INCREMENT=1 DEFAULT CHARSET=utf8;";s:2:"ip";s:9:"127.0.0.1";s:3:"url";s:36:"administration/modules/ajax/install/";s:5:"agent";s:110:"Mozilla/5.0 (Windows NT 10.0; WOW64) AppleWebKit/537.36 (KHTML, like Gecko) Chrome/53.0.2785.143 Safari/537.36";s:4:"time";i:1476611403;}i:10;a:5:{s:3:"msg";s:122:"[Ошибка в базе данных] - запрос: SELECT * FROM JMY_sm_mail WHERE uid='0' ORDER BY id DESC LIMIT 0, ";s:2:"ip";s:9:"127.0.0.1";s:3:"url";s:30:"administration/module/sendmail";s:5:"agent";s:110:"Mozilla/5.0 (Windows NT 10.0; WOW64) AppleWebKit/537.36 (KHTML, like Gecko) Chrome/53.0.2785.143 Safari/537.36";s:4:"time";i:1476645181;}i:11;a:5:{s:3:"msg";s:114:"[Ошибка в базе данных] - запрос: SELECT * FROM JMY_sm_users ORDER BY user_id DESC LIMIT 0, ";s:2:"ip";s:9:"127.0.0.1";s:3:"url";s:36:"administration/module/sendmail/users";s:5:"agent";s:110:"Mozilla/5.0 (Windows NT 10.0; WOW64) AppleWebKit/537.36 (KHTML, like Gecko) Chrome/53.0.2785.143 Safari/537.36";s:4:"time";i:1476645340;}i:12;a:5:{s:3:"msg";s:114:"[Ошибка в базе данных] - запрос: SELECT * FROM JMY_sm_users ORDER BY user_id DESC LIMIT 0, ";s:2:"ip";s:9:"127.0.0.1";s:3:"url";s:36:"administration/module/sendmail/users";s:5:"agent";s:110:"Mozilla/5.0 (Windows NT 10.0; WOW64) AppleWebKit/537.36 (KHTML, like Gecko) Chrome/53.0.2785.143 Safari/537.36";s:4:"time";i:1476645363;}i:13;a:5:{s:3:"msg";s:114:"[Ошибка в базе данных] - запрос: SELECT * FROM JMY_sm_users ORDER BY user_id DESC LIMIT 0, ";s:2:"ip";s:9:"127.0.0.1";s:3:"url";s:36:"administration/module/sendmail/users";s:5:"agent";s:110:"Mozilla/5.0 (Windows NT 10.0; WOW64) AppleWebKit/537.36 (KHTML, like Gecko) Chrome/53.0.2785.143 Safari/537.36";s:4:"time";i:1476645367;}i:14;a:5:{s:3:"msg";s:326:"[Ошибка в базе данных] - запрос: CREATE TABLE `JMY_sm_mail` (
  `id` int(5) NOT NULL auto_increment,
  `topic` varchar(255) default NULL,
  `text` text,
  `date` int(11) NOT NULL,
  `uid` int(1) default '0',
  PRIMARY KEY  (`id`)
) ENGINE=MyISAM DEFAULT CHARSET=utf8 PACK_KEYS=0 AUTO_INCREMENT=1 ";s:2:"ip";s:9:"127.0.0.1";s:3:"url";s:36:"administration/modules/ajax/install/";s:5:"agent";s:110:"Mozilla/5.0 (Windows NT 10.0; WOW64) AppleWebKit/537.36 (KHTML, like Gecko) Chrome/53.0.2785.143 Safari/537.36";s:4:"time";i:1476726286;}i:15;a:5:{s:3:"msg";s:122:"[Ошибка в базе данных] - запрос: SELECT * FROM JMY_sm_mail WHERE uid='0' ORDER BY id DESC LIMIT 0, ";s:2:"ip";s:9:"127.0.0.1";s:3:"url";s:31:"administration/module/sendmail/";s:5:"agent";s:110:"Mozilla/5.0 (Windows NT 10.0; WOW64) AppleWebKit/537.36 (KHTML, like Gecko) Chrome/53.0.2785.143 Safari/537.36";s:4:"time";i:1476726873;}i:16;a:5:{s:3:"msg";s:56:"[Ошибка в базе данных] - запрос: ";s:2:"ip";s:9:"127.0.0.1";s:3:"url";s:0:"";s:5:"agent";s:110:"Mozilla/5.0 (Windows NT 10.0; WOW64) AppleWebKit/537.36 (KHTML, like Gecko) Chrome/53.0.2785.143 Safari/537.36";s:4:"time";i:1476808543;}i:17;a:5:{s:3:"msg";s:56:"[Ошибка в базе данных] - запрос: ";s:2:"ip";s:9:"127.0.0.1";s:3:"url";s:0:"";s:5:"agent";s:110:"Mozilla/5.0 (Windows NT 10.0; WOW64) AppleWebKit/537.36 (KHTML, like Gecko) Chrome/53.0.2785.143 Safari/537.36";s:4:"time";i:1476808653;}i:18;a:5:{s:3:"msg";s:56:"[Ошибка в базе данных] - запрос: ";s:2:"ip";s:9:"127.0.0.1";s:3:"url";s:0:"";s:5:"agent";s:110:"Mozilla/5.0 (Windows NT 10.0; WOW64) AppleWebKit/537.36 (KHTML, like Gecko) Chrome/53.0.2785.143 Safari/537.36";s:4:"time";i:1476808656;}i:19;a:5:{s:3:"msg";s:87:"[Ошибка в базе данных] - запрос: SELECT * FROM `11`.`JMY_groups`";s:2:"ip";s:9:"127.0.0.1";s:3:"url";s:0:"";s:5:"agent";s:110:"Mozilla/5.0 (Windows NT 10.0; WOW64) AppleWebKit/537.36 (KHTML, like Gecko) Chrome/53.0.2785.143 Safari/537.36";s:4:"time";i:1476808692;}i:20;a:5:{s:3:"msg";s:98:"[Ошибка в базе данных] - запрос: SELECT * FROM JMY_plugins WHERE xfield='1'";s:2:"ip";s:9:"127.0.0.1";s:3:"url";s:26:"administration/xfields/add";s:5:"agent";s:110:"Mozilla/5.0 (Windows NT 10.0; WOW64) AppleWebKit/537.36 (KHTML, like Gecko) Chrome/53.0.2785.143 Safari/537.36";s:4:"time";i:1476905529;}}